<?xml version="1.0" encoding="UTF-8"?>
<!-- Generated by org.testng.reporters.JUnitReportReporter -->
<testsuite hostname="LAPTOP-1RGMJ9DD" failures="0" tests="1" name="in.mphasis.testsripts.LoginTest" time="2.688" errors="0" timestamp="2023-09-06T14:50:08 IST" skipped="0">
  <testcase classname="in.mphasis.testsripts.LoginTest" name="Login" time="2.688"/>
</testsuite> <!-- in.mphasis.testsripts.LoginTest -->
